0 info it worked if it ends with ok
1 verbose cli [ '/usr/local/bin/node',
1 verbose cli   '/usr/local/bin/npm',
1 verbose cli   'i',
1 verbose cli   'brower-sync',
1 verbose cli   'gulp',
1 verbose cli   '--save-dev' ]
2 info using npm@1.4.28
3 info using node@v0.10.32
4 verbose cache add [ 'brower-sync', null ]
5 verbose cache add name=undefined spec="brower-sync" args=["brower-sync",null]
6 verbose parsed url { protocol: null,
6 verbose parsed url   slashes: null,
6 verbose parsed url   auth: null,
6 verbose parsed url   host: null,
6 verbose parsed url   port: null,
6 verbose parsed url   hostname: null,
6 verbose parsed url   hash: null,
6 verbose parsed url   search: null,
6 verbose parsed url   query: null,
6 verbose parsed url   pathname: 'brower-sync',
6 verbose parsed url   path: 'brower-sync',
6 verbose parsed url   href: 'brower-sync' }
7 verbose cache add [ 'gulp', null ]
8 verbose cache add name=undefined spec="gulp" args=["gulp",null]
9 verbose parsed url { protocol: null,
9 verbose parsed url   slashes: null,
9 verbose parsed url   auth: null,
9 verbose parsed url   host: null,
9 verbose parsed url   port: null,
9 verbose parsed url   hostname: null,
9 verbose parsed url   hash: null,
9 verbose parsed url   search: null,
9 verbose parsed url   query: null,
9 verbose parsed url   pathname: 'gulp',
9 verbose parsed url   path: 'gulp',
9 verbose parsed url   href: 'gulp' }
10 silly lockFile 57089bd5-brower-sync brower-sync
11 verbose lock brower-sync /home/igor/.npm/57089bd5-brower-sync.lock
12 silly lockFile 9750c68d-gulp gulp
13 verbose lock gulp /home/igor/.npm/9750c68d-gulp.lock
14 silly lockFile 57089bd5-brower-sync brower-sync
15 silly lockFile 57089bd5-brower-sync brower-sync
16 verbose addNamed [ 'brower-sync', '' ]
17 verbose addNamed [ null, '*' ]
18 silly lockFile 6ad76cb1-brower-sync brower-sync@
19 verbose lock brower-sync@ /home/igor/.npm/6ad76cb1-brower-sync.lock
20 silly lockFile 9750c68d-gulp gulp
21 silly lockFile 9750c68d-gulp gulp
22 silly addNameRange { name: 'brower-sync', range: '*', hasData: false }
23 verbose addNamed [ 'gulp', '' ]
24 verbose addNamed [ null, '*' ]
25 silly lockFile 72f4391e-gulp gulp@
26 verbose lock gulp@ /home/igor/.npm/72f4391e-gulp.lock
27 silly addNameRange { name: 'gulp', range: '*', hasData: false }
28 verbose request where is /brower-sync
29 verbose request registry https://registry.npmjs.org/
30 verbose request id d8ea43a7dfa78ecc
31 verbose url raw /brower-sync
32 verbose url resolving [ 'https://registry.npmjs.org/', './brower-sync' ]
33 verbose url resolved https://registry.npmjs.org/brower-sync
34 verbose request where is https://registry.npmjs.org/brower-sync
35 info trying registry request attempt 1 at 15:20:34
36 http GET https://registry.npmjs.org/brower-sync
37 verbose request where is /gulp
38 verbose request registry https://registry.npmjs.org/
39 verbose url raw /gulp
40 verbose url resolving [ 'https://registry.npmjs.org/', './gulp' ]
41 verbose url resolved https://registry.npmjs.org/gulp
42 verbose request where is https://registry.npmjs.org/gulp
43 info trying registry request attempt 1 at 15:20:34
44 verbose etag "2589FWDBOKQ5NS0TEFOCZ9ZG2"
45 http GET https://registry.npmjs.org/gulp
46 http 200 https://registry.npmjs.org/gulp
47 silly registry.get cb [ 200,
47 silly registry.get   { date: 'Fri, 21 Nov 2014 12:20:40 GMT',
47 silly registry.get     server: 'CouchDB/1.5.0 (Erlang OTP/R16B03)',
47 silly registry.get     etag: '"560GN9L1KDGX741R8RPVD2PN9"',
47 silly registry.get     'content-type': 'application/json',
47 silly registry.get     'cache-control': 'max-age=60',
47 silly registry.get     'content-length': '95754',
47 silly registry.get     'accept-ranges': 'bytes',
47 silly registry.get     via: '1.1 varnish',
47 silly registry.get     age: '23',
47 silly registry.get     'x-served-by': 'cache-fra1230-FRA',
47 silly registry.get     'x-cache': 'HIT',
47 silly registry.get     'x-cache-hits': '1',
47 silly registry.get     'x-timer': 'S1416572440.310043,VS0,VE0',
47 silly registry.get     vary: 'Accept',
47 silly registry.get     'keep-alive': 'timeout=10, max=50',
47 silly registry.get     connection: 'Keep-Alive' } ]
48 http 404 https://registry.npmjs.org/brower-sync
49 verbose headers { date: 'Fri, 21 Nov 2014 12:20:40 GMT',
49 verbose headers   server: 'CouchDB/1.5.0 (Erlang OTP/R16B03)',
49 verbose headers   'content-type': 'application/json',
49 verbose headers   'cache-control': 'max-age=0',
49 verbose headers   'content-length': '52',
49 verbose headers   'accept-ranges': 'bytes',
49 verbose headers   via: '1.1 varnish',
49 verbose headers   age: '0',
49 verbose headers   'x-served-by': 'cache-fra1233-FRA',
49 verbose headers   'x-cache': 'MISS',
49 verbose headers   'x-cache-hits': '0',
49 verbose headers   'x-timer': 'S1416572440.314915,VS0,VE177',
49 verbose headers   'keep-alive': 'timeout=10, max=50',
49 verbose headers   connection: 'Keep-Alive' }
50 silly registry.get cb [ 404,
50 silly registry.get   { date: 'Fri, 21 Nov 2014 12:20:40 GMT',
50 silly registry.get     server: 'CouchDB/1.5.0 (Erlang OTP/R16B03)',
50 silly registry.get     'content-type': 'application/json',
50 silly registry.get     'cache-control': 'max-age=0',
50 silly registry.get     'content-length': '52',
50 silly registry.get     'accept-ranges': 'bytes',
50 silly registry.get     via: '1.1 varnish',
50 silly registry.get     age: '0',
50 silly registry.get     'x-served-by': 'cache-fra1233-FRA',
50 silly registry.get     'x-cache': 'MISS',
50 silly registry.get     'x-cache-hits': '0',
50 silly registry.get     'x-timer': 'S1416572440.314915,VS0,VE177',
50 silly registry.get     'keep-alive': 'timeout=10, max=50',
50 silly registry.get     connection: 'Keep-Alive' } ]
51 silly lockFile 6ad76cb1-brower-sync brower-sync@
52 silly lockFile 6ad76cb1-brower-sync brower-sync@
53 silly addNameRange number 2 { name: 'gulp', range: '*', hasData: true }
54 silly addNameRange versions [ 'gulp',
54 silly addNameRange   [ '0.0.1',
54 silly addNameRange     '0.0.2',
54 silly addNameRange     '0.0.3',
54 silly addNameRange     '0.0.4',
54 silly addNameRange     '0.0.5',
54 silly addNameRange     '0.0.7',
54 silly addNameRange     '0.0.8',
54 silly addNameRange     '0.0.9',
54 silly addNameRange     '0.1.0',
54 silly addNameRange     '0.2.0',
54 silly addNameRange     '1.0.0',
54 silly addNameRange     '1.1.0',
54 silly addNameRange     '1.2.0',
54 silly addNameRange     '1.2.1',
54 silly addNameRange     '2.0.0',
54 silly addNameRange     '2.0.1',
54 silly addNameRange     '2.1.0',
54 silly addNameRange     '2.2.0',
54 silly addNameRange     '2.3.0',
54 silly addNameRange     '2.4.0',
54 silly addNameRange     '2.4.1',
54 silly addNameRange     '2.6.0',
54 silly addNameRange     '2.6.1',
54 silly addNameRange     '2.7.0',
54 silly addNameRange     '3.0.0',
54 silly addNameRange     '3.1.1',
54 silly addNameRange     '3.1.2',
54 silly addNameRange     '3.1.3',
54 silly addNameRange     '3.1.4',
54 silly addNameRange     '3.2.0',
54 silly addNameRange     '3.2.1',
54 silly addNameRange     '3.2.2',
54 silly addNameRange     '3.2.3',
54 silly addNameRange     '3.2.4',
54 silly addNameRange     '3.2.5',
54 silly addNameRange     '3.3.0',
54 silly addNameRange     '3.3.1',
54 silly addNameRange     '3.3.2',
54 silly addNameRange     '3.3.4',
54 silly addNameRange     '3.4.0',
54 silly addNameRange     '3.5.0',
54 silly addNameRange     '3.5.1',
54 silly addNameRange     '3.5.2',
54 silly addNameRange     '3.5.5',
54 silly addNameRange     '3.5.6',
54 silly addNameRange     '3.6.0',
54 silly addNameRange     '3.6.1',
54 silly addNameRange     '3.6.2',
54 silly addNameRange     '3.7.0',
54 silly addNameRange     '3.8.0',
54 silly addNameRange     '3.8.1',
54 silly addNameRange     '3.8.2',
54 silly addNameRange     '3.8.3',
54 silly addNameRange     '3.8.4',
54 silly addNameRange     '3.8.5',
54 silly addNameRange     '3.8.6',
54 silly addNameRange     '3.8.7',
54 silly addNameRange     '3.8.8',
54 silly addNameRange     '3.8.9',
54 silly addNameRange     '3.8.10' ] ]
55 verbose addNamed [ 'gulp', '3.8.10' ]
56 verbose addNamed [ '3.8.10', '3.8.10' ]
57 silly lockFile f843d0d7-gulp-3-8-10 gulp@3.8.10
58 verbose lock gulp@3.8.10 /home/igor/.npm/f843d0d7-gulp-3-8-10.lock
59 silly lockFile f843d0d7-gulp-3-8-10 gulp@3.8.10
60 silly lockFile f843d0d7-gulp-3-8-10 gulp@3.8.10
61 silly lockFile 72f4391e-gulp gulp@
62 silly lockFile 72f4391e-gulp gulp@
63 error 404 404 Not Found: brower-sync
63 error 404
63 error 404 'brower-sync' is not in the npm registry.
63 error 404 You should bug the author to publish it
63 error 404
63 error 404 Note that you can also install from a
63 error 404 tarball, folder, or http url, or git url.
64 error System Linux 3.2.0-4-amd64
65 error command "/usr/local/bin/node" "/usr/local/bin/npm" "i" "brower-sync" "gulp" "--save-dev"
66 error cwd /home/igor/Project/css/flexbox/navBar
67 error node -v v0.10.32
68 error npm -v 1.4.28
69 error code E404
70 verbose exit [ 1, true ]
